<?xml version="1.0" encoding="UTF-8"?>
<!-- Generated by org.testng.reporters.JUnitReportReporter -->
<testsuite hostname="jainish" failures="0" tests="23" name="com.Main.Main2" time="0.041" errors="1" timestamp="2023-09-11T16:27:14 IST" skipped="22">
  <testcase classname="com.Main.Main2" name="configureAppium" time="0.041">
    <error message="Receiver class io.appium.java_client.service.local.AppiumServiceBuilder does not define or inherit an implementation of the resolved method &#039;abstract void loadSystemProperties()&#039; of abstract class org.openqa.selenium.remote.service.DriverService$Builder." type="java.lang.AbstractMethodError">
      <![CDATA[java.lang.AbstractMethodError: Receiver class io.appium.java_client.service.local.AppiumServiceBuilder does not define or inherit an implementation of the resolved method 'abstract void loadSystemProperties()' of abstract class org.openqa.selenium.remote.service.DriverService$Builder.
at org.openqa.selenium.remote.service.DriverService$Builder.build(DriverService.java:491)
at com.Main.Main2.configureAppium(Main2.java:85)
at java.base/jdk.internal.reflect.NativeMethodAccessorImpl.invoke0(Native Method)
at java.base/jdk.internal.reflect.NativeMethodAccessorImpl.invoke(NativeMethodAccessorImpl.java:77)
at java.base/jdk.internal.reflect.DelegatingMethodAccessorImpl.invoke(DelegatingMethodAccessorImpl.java:43)
at java.base/java.lang.reflect.Method.invoke(Method.java:568)
at org.testng.internal.invokers.MethodInvocationHelper.invokeMethod(MethodInvocationHelper.java:139)
at org.testng.internal.invokers.TestInvoker.invokeMethod(TestInvoker.java:677)
at org.testng.internal.invokers.TestInvoker.invokeTestMethod(TestInvoker.java:221)
at org.testng.internal.invokers.MethodRunner.runInSequence(MethodRunner.java:50)
at org.testng.internal.invokers.TestInvoker$MethodInvocationAgent.invoke(TestInvoker.java:969)
at org.testng.internal.invokers.TestInvoker.invokeTestMethods(TestInvoker.java:194)
at org.testng.internal.invokers.TestMethodWorker.invokeTestMethods(TestMethodWorker.java:148)
at org.testng.internal.invokers.TestMethodWorker.run(TestMethodWorker.java:128)
at java.base/java.util.ArrayList.forEach(ArrayList.java:1511)
at org.testng.TestRunner.privateRun(TestRunner.java:829)
at org.testng.TestRunner.run(TestRunner.java:602)
at org.testng.SuiteRunner.runTest(SuiteRunner.java:437)
at org.testng.SuiteRunner.runSequentially(SuiteRunner.java:431)
at org.testng.SuiteRunner.privateRun(SuiteRunner.java:391)
at org.testng.SuiteRunner.run(SuiteRunner.java:330)
at org.testng.SuiteRunnerWorker.runSuite(SuiteRunnerWorker.java:52)
at org.testng.SuiteRunnerWorker.run(SuiteRunnerWorker.java:95)
at org.testng.TestNG.runSuitesSequentially(TestNG.java:1256)
at org.testng.TestNG.runSuitesLocally(TestNG.java:1176)
at org.testng.TestNG.runSuites(TestNG.java:1099)
at org.testng.TestNG.run(TestNG.java:1067)
at org.testng.remote.AbstractRemoteTestNG.run(AbstractRemoteTestNG.java:115)
at org.testng.remote.RemoteTestNG.initAndRun(RemoteTestNG.java:251)
at org.testng.remote.RemoteTestNG.main(RemoteTestNG.java:77)
]]>
    </error>
  </testcase> <!-- configureAppium -->
  <system-out/>
  <testcase classname="com.Main.Main2" name="autoComplete">
    <skipped/>
  </testcase> <!-- autoComplete -->
  <system-out/>
  <testcase classname="com.Main.Main2" name="seek">
    <skipped/>
  </testcase> <!-- seek -->
  <system-out/>
  <testcase classname="com.Main.Main2" name="date">
    <skipped/>
  </testcase> <!-- date -->
  <system-out/>
  <testcase classname="com.Main.Main2" name="gallerys">
    <skipped/>
  </testcase> <!-- gallerys -->
  <system-out/>
  <testcase classname="com.Main.Main2" name="layout">
    <skipped/>
  </testcase> <!-- layout -->
  <system-out/>
  <testcase classname="com.Main.Main2" name="chrono">
    <skipped/>
  </testcase> <!-- chrono -->
  <system-out/>
  <testcase classname="com.Main.Main2" name="popup">
    <skipped/>
  </testcase> <!-- popup -->
  <system-out/>
  <testcase classname="com.Main.Main2" name="radio">
    <skipped/>
  </testcase> <!-- radio -->
  <system-out/>
  <testcase classname="com.Main.Main2" name="image">
    <skipped/>
  </testcase> <!-- image -->
  <system-out/>
  <testcase classname="com.Main.Main2" name="pickerr">
    <skipped/>
  </testcase> <!-- pickerr -->
  <system-out/>
  <testcase classname="com.Main.Main2" name="grid">
    <skipped/>
  </testcase> <!-- grid -->
  <system-out/>
  <testcase classname="com.Main.Main2" name="dragDrop">
    <skipped/>
  </testcase> <!-- dragDrop -->
  <system-out/>
  <testcase classname="com.Main.Main2" name="Progress">
    <skipped/>
  </testcase> <!-- Progress -->
  <system-out/>
  <testcase classname="com.Main.Main2" name="search">
    <skipped/>
  </testcase> <!-- search -->
  <system-out/>
  <testcase classname="com.Main.Main2" name="contrl">
    <skipped/>
  </testcase> <!-- contrl -->
  <system-out/>
  <testcase classname="com.Main.Main2" name="List">
    <skipped/>
  </testcase> <!-- List -->
  <system-out/>
  <testcase classname="com.Main.Main2" name="switcher">
    <skipped/>
  </testcase> <!-- switcher -->
  <system-out/>
  <testcase classname="com.Main.Main2" name="bar">
    <skipped/>
  </testcase> <!-- bar -->
  <system-out/>
  <testcase classname="com.Main.Main2" name="Animationn">
    <skipped/>
  </testcase> <!-- Animationn -->
  <system-out/>
  <testcase classname="com.Main.Main2" name="secure">
    <skipped/>
  </testcase> <!-- secure -->
  <system-out/>
  <testcase classname="com.Main.Main2" name="layoutAnimation">
    <skipped/>
  </testcase> <!-- layoutAnimation -->
  <system-out/>
  <testcase classname="com.Main.Main2" name="button">
    <skipped/>
  </testcase> <!-- button -->
  <system-out/>
</testsuite> <!-- com.Main.Main2 -->
