<?xml version="1.0" encoding="UTF-8"?>
<!-- Generated by org.testng.reporters.JUnitReportReporter -->
<testsuite hostname="jainish" failures="0" tests="1" name="com.Modual.Date_widgets" time="70.029" errors="0" timestamp="2023-08-12T10:12:05 IST" skipped="0">
  <testcase classname="com.Modual.Date_widgets" name="dialog" time="70.029"/>
  <system-out/>
</testsuite> <!-- com.Modual.Date_widgets -->
