<?xml version="1.0" encoding="UTF-8"?>
<!-- Generated by org.testng.reporters.JUnitReportReporter -->
<testsuite hostname="jainish" failures="0" tests="1" name="com.Modual.Rating_Bar" time="25.818" errors="0" timestamp="2023-08-15T16:44:24 IST" skipped="0">
  <testcase classname="com.Modual.Rating_Bar" name="bar" time="25.818"/>
  <system-out/>
</testsuite> <!-- com.Modual.Rating_Bar -->
