<?xml version="1.0" encoding="UTF-8"?>
<!-- Generated by org.testng.reporters.JUnitReportReporter -->
<testsuite hostname="jainish" failures="0" tests="1" name="com.Modual.SeekBars" time="36.068" errors="0" timestamp="2023-08-22T12:08:14 IST" skipped="0">
  <testcase classname="com.Modual.SeekBars" name="seek" time="36.068"/>
  <system-out/>
</testsuite> <!-- com.Modual.SeekBars -->
