<?xml version="1.0" encoding="UTF-8"?>
<!-- Generated by org.testng.reporters.JUnitReportReporter -->
<testsuite hostname="jainish" failures="0" tests="1" name="com.Modual.TextSwitcher" time="38.823" errors="0" timestamp="2023-08-24T17:04:48 IST" skipped="0">
  <testcase classname="com.Modual.TextSwitcher" name="text" time="38.823"/>
  <system-out/>
</testsuite> <!-- com.Modual.TextSwitcher -->
