<?xml version="1.0" encoding="UTF-8"?>
<!-- Generated by org.testng.reporters.JUnitReportReporter -->
<testsuite hostname="jainish" failures="0" tests="1" name="com.Modual.Pop_Up_Menu" time="28.113" errors="0" timestamp="2023-08-14T16:29:42 IST" skipped="0">
  <testcase classname="com.Modual.Pop_Up_Menu" name="popup" time="28.113"/>
  <system-out/>
</testsuite> <!-- com.Modual.Pop_Up_Menu -->
