<?xml version="1.0" encoding="UTF-8"?>
<!-- Generated by org.testng.reporters.JUnitReportReporter -->
<testsuite hostname="jainish" failures="0" tests="1" name="com.Modual.Radio_Groups" time="24.933" errors="0" timestamp="2023-08-24T14:11:04 IST" skipped="0">
  <testcase classname="com.Modual.Radio_Groups" name="radio" time="24.933"/>
  <system-out/>
</testsuite> <!-- com.Modual.Radio_Groups -->
