<?xml version="1.0" encoding="UTF-8"?>
<!-- Generated by org.testng.reporters.JUnitReportReporter -->
<testsuite hostname="jainish" failures="0" tests="1" name="com.Modual.SeekBar" time="20.937" errors="0" timestamp="2023-08-16T17:03:10 IST" skipped="0">
  <testcase classname="com.Modual.SeekBar" name="seek" time="20.937"/>
  <system-out/>
</testsuite> <!-- com.Modual.SeekBar -->
