<?xml version="1.0" encoding="UTF-8"?>
<!-- Generated by org.testng.reporters.JUnitReportReporter -->
<testsuite hostname="jainish" failures="0" tests="2" name="Base.Com" time="78.702" errors="0" timestamp="2023-08-24T09:23:41 IST" skipped="0">
  <testcase classname="Base.Com" name="image" time="32.969"/>
  <system-out/>
  <testcase classname="Base.Com" name="layout" time="45.733"/>
  <system-out/>
</testsuite> <!-- Base.Com -->
