<?xml version="1.0" encoding="UTF-8"?>
<!-- Generated by org.testng.reporters.JUnitReportReporter -->
<testsuite hostname="jainish" failures="0" tests="1" name="com.Modual.Picker" time="27.946" errors="0" timestamp="2023-08-12T18:03:59 IST" skipped="0">
  <testcase classname="com.Modual.Picker" name="name" time="27.946"/>
  <system-out/>
</testsuite> <!-- com.Modual.Picker -->
