<?xml version="1.0" encoding="UTF-8"?>
<!-- Generated by org.testng.reporters.JUnitReportReporter -->
<testsuite hostname="jainish" failures="0" tests="1" name="com.Modual.Rotating_button" time="28.706" errors="0" timestamp="2023-08-19T10:33:55 IST" skipped="0">
  <testcase classname="com.Modual.Rotating_button" name="rotating" time="28.706"/>
  <system-out/>
</testsuite> <!-- com.Modual.Rotating_button -->
