<?xml version="1.0" encoding="UTF-8"?>
<!-- Generated by org.testng.reporters.JUnitReportReporter -->
<testsuite hostname="jainish" failures="0" tests="1" name="com.Modual.ProgressBar" time="37.540" errors="0" timestamp="2023-08-14T16:40:55 IST" skipped="0">
  <testcase classname="com.Modual.ProgressBar" name="incremental" time="37.540"/>
  <system-out/>
</testsuite> <!-- com.Modual.ProgressBar -->
